Determining if the Q_WS_WIN exist failed with the following output:
Change Dir: /home/student/Documents/QtCreatorProjects/PingPong/build/CMakeFiles/CMakeTmp

Run Build Command:"/usr/bin/make" "cmTC_1d1d7/fast"
/usr/bin/make -f CMakeFiles/cmTC_1d1d7.dir/build.make CMakeFiles/cmTC_1d1d7.dir/build
make[1]: Entering directory '/home/student/Documents/QtCreatorProjects/PingPong/build/CMakeFiles/CMakeTmp'
Building CXX object CMakeFiles/cmTC_1d1d7.dir/CheckSymbolExists.cxx.o
/usr/bin/c++    -I/usr/include/qt4    -o CMakeFiles/cmTC_1d1d7.dir/CheckSymbolExists.cxx.o -c /home/student/Documents/QtCreatorProjects/PingPong/build/CMakeFiles/CMakeTmp/CheckSymbolExists.cxx
/home/student/Documents/QtCreatorProjects/PingPong/build/CMakeFiles/CMakeTmp/CheckSymbolExists.cxx: In function ‘int main(int, char**)’:
/home/student/Documents/QtCreatorProjects/PingPong/build/CMakeFiles/CMakeTmp/CheckSymbolExists.cxx:8:19: error: ‘Q_WS_WIN’ was not declared in this scope
   return ((int*)(&Q_WS_WIN))[argc];
                   ^
CMakeFiles/cmTC_1d1d7.dir/build.make:65: recipe for target 'CMakeFiles/cmTC_1d1d7.dir/CheckSymbolExists.cxx.o' failed
make[1]: Leaving directory '/home/student/Documents/QtCreatorProjects/PingPong/build/CMakeFiles/CMakeTmp'
make[1]: *** [CMakeFiles/cmTC_1d1d7.dir/CheckSymbolExists.cxx.o] Error 1
Makefile:126: recipe for target 'cmTC_1d1d7/fast' failed
make: *** [cmTC_1d1d7/fast] Error 2

File /home/student/Documents/QtCreatorProjects/PingPong/build/CMakeFiles/CMakeTmp/CheckSymbolExists.cxx:
/* */
#include <QtCore/qglobal.h>

int main(int argc, char** argv)
{
  (void)argv;
#ifndef Q_WS_WIN
  return ((int*)(&Q_WS_WIN))[argc];
#else
  (void)argc;
  return 0;
#endif
}

Determining if the Q_WS_QWS exist failed with the following output:
Change Dir: /home/student/Documents/QtCreatorProjects/PingPong/build/CMakeFiles/CMakeTmp

Run Build Command:"/usr/bin/make" "cmTC_3e8cf/fast"
/usr/bin/make -f CMakeFiles/cmTC_3e8cf.dir/build.make CMakeFiles/cmTC_3e8cf.dir/build
make[1]: Entering directory '/home/student/Documents/QtCreatorProjects/PingPong/build/CMakeFiles/CMakeTmp'
Building CXX object CMakeFiles/cmTC_3e8cf.dir/CheckSymbolExists.cxx.o
/usr/bin/c++    -I/usr/include/qt4    -o CMakeFiles/cmTC_3e8cf.dir/CheckSymbolExists.cxx.o -c /home/student/Documents/QtCreatorProjects/PingPong/build/CMakeFiles/CMakeTmp/CheckSymbolExists.cxx
/home/student/Documents/QtCreatorProjects/PingPong/build/CMakeFiles/CMakeTmp/CheckSymbolExists.cxx: In function ‘int main(int, char**)’:
/home/student/Documents/QtCreatorProjects/PingPong/build/CMakeFiles/CMakeTmp/CheckSymbolExists.cxx:8:19: error: ‘Q_WS_QWS’ was not declared in this scope
   return ((int*)(&Q_WS_QWS))[argc];
                   ^
CMakeFiles/cmTC_3e8cf.dir/build.make:65: recipe for target 'CMakeFiles/cmTC_3e8cf.dir/CheckSymbolExists.cxx.o' failed
make[1]: Leaving directory '/home/student/Documents/QtCreatorProjects/PingPong/build/CMakeFiles/CMakeTmp'
make[1]: *** [CMakeFiles/cmTC_3e8cf.dir/CheckSymbolExists.cxx.o] Error 1
Makefile:126: recipe for target 'cmTC_3e8cf/fast' failed
make: *** [cmTC_3e8cf/fast] Error 2

File /home/student/Documents/QtCreatorProjects/PingPong/build/CMakeFiles/CMakeTmp/CheckSymbolExists.cxx:
/* */
#include <QtCore/qglobal.h>

int main(int argc, char** argv)
{
  (void)argv;
#ifndef Q_WS_QWS
  return ((int*)(&Q_WS_QWS))[argc];
#else
  (void)argc;
  return 0;
#endif
}

Determining if the Q_WS_MAC exist failed with the following output:
Change Dir: /home/student/Documents/QtCreatorProjects/PingPong/build/CMakeFiles/CMakeTmp

Run Build Command:"/usr/bin/make" "cmTC_e8f87/fast"
/usr/bin/make -f CMakeFiles/cmTC_e8f87.dir/build.make CMakeFiles/cmTC_e8f87.dir/build
make[1]: Entering directory '/home/student/Documents/QtCreatorProjects/PingPong/build/CMakeFiles/CMakeTmp'
Building CXX object CMakeFiles/cmTC_e8f87.dir/CheckSymbolExists.cxx.o
/usr/bin/c++    -I/usr/include/qt4    -o CMakeFiles/cmTC_e8f87.dir/CheckSymbolExists.cxx.o -c /home/student/Documents/QtCreatorProjects/PingPong/build/CMakeFiles/CMakeTmp/CheckSymbolExists.cxx
/home/student/Documents/QtCreatorProjects/PingPong/build/CMakeFiles/CMakeTmp/CheckSymbolExists.cxx: In function ‘int main(int, char**)’:
/home/student/Documents/QtCreatorProjects/PingPong/build/CMakeFiles/CMakeTmp/CheckSymbolExists.cxx:8:19: error: ‘Q_WS_MAC’ was not declared in this scope
   return ((int*)(&Q_WS_MAC))[argc];
                   ^
CMakeFiles/cmTC_e8f87.dir/build.make:65: recipe for target 'CMakeFiles/cmTC_e8f87.dir/CheckSymbolExists.cxx.o' failed
make[1]: Leaving directory '/home/student/Documents/QtCreatorProjects/PingPong/build/CMakeFiles/CMakeTmp'
make[1]: *** [CMakeFiles/cmTC_e8f87.dir/CheckSymbolExists.cxx.o] Error 1
Makefile:126: recipe for target 'cmTC_e8f87/fast' failed
make: *** [cmTC_e8f87/fast] Error 2

File /home/student/Documents/QtCreatorProjects/PingPong/build/CMakeFiles/CMakeTmp/CheckSymbolExists.cxx:
/* */
#include <QtCore/qglobal.h>

int main(int argc, char** argv)
{
  (void)argv;
#ifndef Q_WS_MAC
  return ((int*)(&Q_WS_MAC))[argc];
#else
  (void)argc;
  return 0;
#endif
}

